"../../../../Unreal Projects/EpitesTutorial/Content/FirstPerson/Character/Mesh/SK_Mannequin_Arms_Skeleton.uasset" 0
"../../../../Unreal Projects/EpitesTutorial/Content/FirstPerson/Animations/FirstPerson_Fire.uasset" 1
"../../../../Unreal Projects/EpitesTutorial/Content/FirstPerson/Animations/FirstPersonFire_Montage.uasset" 2
"../../../../Unreal Projects/EpitesTutorial/Content/FirstPerson/Audio/FirstPersonTemplateWeaponFire02.uasset" 3
"../../../../Unreal Projects/EpitesTutorial/Content/FirstPerson/Animations/FirstPerson_Idle.uasset" 4
"../../../../Unreal Projects/EpitesTutorial/Content/FirstPerson/Animations/FirstPerson_JumpEnd.uasset" 5
"../../../../Unreal Projects/EpitesTutorial/Content/FirstPerson/Animations/FirstPerson_JumpLoop.uasset" 6
"../../../../Unreal Projects/EpitesTutorial/Content/FirstPerson/Animations/FirstPerson_JumpStart.uasset" 7
"../../../../Unreal Projects/EpitesTutorial/Content/FirstPerson/Animations/FirstPerson_Run.uasset" 8
"../../../Engine/Content/EditorBlueprintResources/StandardMacros.uasset" 9
"../../../../Unreal Projects/EpitesTutorial/Content/FirstPerson/Animations/FirstPerson_AnimBP.uasset" 10
"../../../../Unreal Projects/EpitesTutorial/Content/FirstPerson/Character/Mesh/FirstPersonAnimBlueprint_Copy.uasset" 11
"../../../Engine/Content/Functions/Engine_MaterialFunctions02/Utility/BlendAngleCorrectedNormals.uasset" 12
"../../../Engine/Content/Functions/MaterialLayerFunctions/MatLayerBlend_NormalBlend.uasset" 13
"../../../Engine/Content/Functions/MaterialLayerFunctions/MatLayerBlend_Simple.uasset" 14
"../../../../Unreal Projects/EpitesTutorial/Content/FirstPerson/Character/Materials/MaterialLayers/T_ML_Rubber_Blue_01_D.uasset" 15
"../../../../Unreal Projects/EpitesTutorial/Content/FirstPerson/Character/Materials/MaterialLayers/T_ML_Rubber_Blue_01_N.uasset" 16
"../../../../Unreal Projects/EpitesTutorial/Content/FirstPerson/Character/Materials/MaterialLayers/ML_GlossyBlack_Latex_UE4.uasset" 17
"../../../../Unreal Projects/EpitesTutorial/Content/FirstPerson/Character/Materials/MaterialLayers/ML_Plastic_Shiny_Beige.uasset" 18
"../../../../Unreal Projects/EpitesTutorial/Content/FirstPerson/Character/Textures/UE4_LOGO_CARD.uasset" 19
"../../../../Unreal Projects/EpitesTutorial/Content/FirstPerson/Character/Materials/MaterialLayers/ML_Plastic_Shiny_Beige_LOGO.uasset" 20
"../../../../Unreal Projects/EpitesTutorial/Content/FirstPerson/Character/Materials/MaterialLayers/T_ML_Aluminum01.uasset" 21
"../../../../Unreal Projects/EpitesTutorial/Content/FirstPerson/Character/Materials/MaterialLayers/T_ML_Aluminum01_N.uasset" 22
"../../../../Unreal Projects/EpitesTutorial/Content/FirstPerson/Character/Materials/MaterialLayers/ML_SoftMetal_UE4.uasset" 23
"../../../../Unreal Projects/EpitesTutorial/Content/FirstPerson/Character/Textures/UE4_Mannequin__normals.uasset" 24
"../../../../Unreal Projects/EpitesTutorial/Content/FirstPerson/Character/Textures/UE4_Mannequin_MAT_MASKA.uasset" 25
"../../../../Unreal Projects/EpitesTutorial/Content/FirstPerson/Character/Materials/M_UE4Man_Body.uasset" 26
"../../../../Unreal Projects/EpitesTutorial/Content/FirstPerson/Character/Mesh/SK_Mannequin_Arms_PhysicsAsset.uasset" 27
"../../../../Unreal Projects/EpitesTutorial/Content/FirstPerson/Character/Mesh/SK_Mannequin_Arms.uasset" 28
"../../../../Unreal Projects/EpitesTutorial/Content/FirstPerson/FPWeapon/Materials/MaterialLayers/ML_Plastic_Shiny_Beige_LOGO.uasset" 29
"../../../../Unreal Projects/EpitesTutorial/Content/FirstPerson/FPWeapon/Materials/MaterialLayers/T_ML_FineRubber.uasset" 30
"../../../../Unreal Projects/EpitesTutorial/Content/FirstPerson/FPWeapon/Materials/MaterialLayers/T_ML_Rubber_Blue_01_D.uasset" 31
"../../../../Unreal Projects/EpitesTutorial/Content/FirstPerson/FPWeapon/Materials/MaterialLayers/T_ML_Rubber_Blue_01_N.uasset" 32
"../../../../Unreal Projects/EpitesTutorial/Content/FirstPerson/FPWeapon/Materials/MaterialLayers/ML_GlossyBlack_Latex_UE4.uasset" 33
"../../../../Unreal Projects/EpitesTutorial/Content/FirstPerson/FPWeapon/Materials/MaterialLayers/ML_Plastic_Shiny_Beige.uasset" 34
"../../../../Unreal Projects/EpitesTutorial/Content/FirstPerson/FPWeapon/Materials/MaterialLayers/ML_Screen.uasset" 35
"../../../../Unreal Projects/EpitesTutorial/Content/FirstPerson/FPWeapon/Materials/MaterialLayers/T_ML_Aluminum01.uasset" 36
"../../../../Unreal Projects/EpitesTutorial/Content/FirstPerson/FPWeapon/Materials/MaterialLayers/T_ML_Aluminum01_N.uasset" 37
"../../../../Unreal Projects/EpitesTutorial/Content/FirstPerson/FPWeapon/Materials/MaterialLayers/ML_SoftMetal_UE4.uasset" 38
"../../../../Unreal Projects/EpitesTutorial/Content/FirstPerson/FPWeapon/Textures/T_FPGun_M.uasset" 39
"../../../../Unreal Projects/EpitesTutorial/Content/FirstPerson/FPWeapon/Textures/T_FPGun_N.uasset" 40
"../../../../Unreal Projects/EpitesTutorial/Content/FirstPerson/FPWeapon/Materials/M_FPGun.uasset" 41
"../../../../Unreal Projects/EpitesTutorial/Content/FirstPerson/FPWeapon/Mesh/SK_FPGun_Skeleton.uasset" 42
"../../../../Unreal Projects/EpitesTutorial/Content/FirstPerson/FPWeapon/Mesh/SK_FPGun.uasset" 43
"../../../../Unreal Projects/EpitesTutorial/Content/FirstPerson/FPWeapon/Mesh/SK_FPGun_PhysicsAsset.uasset" 44
"../../../../Unreal Projects/EpitesTutorial/Content/FirstPersonBP/FirstPersonOverview.uasset" 45
"../../../../Unreal Projects/EpitesTutorial/Content/FirstPerson/Meshes/BaseMaterial.uasset" 46
"../../../../Unreal Projects/EpitesTutorial/Content/FirstPerson/Meshes/FirstPersonProjectileMaterial.uasset" 47
"../../../../Unreal Projects/EpitesTutorial/Content/FirstPerson/Meshes/FirstPersonProjectileMesh.uasset" 48
"../../../../Unreal Projects/EpitesTutorial/Content/FirstPersonBP/Blueprints/FirstPersonProjectile.uasset" 49
"../../../../Unreal Projects/EpitesTutorial/Content/Geometry/Meshes/CubeMaterial.uasset" 50
"../../../../Unreal Projects/EpitesTutorial/Content/Geometry/Meshes/1M_Cube_Chamfer.uasset" 51
"../../../../Unreal Projects/EpitesTutorial/Content/Geometry/Meshes/TemplateFloor.uasset" 52
"../../../../Unreal Projects/EpitesTutorial/Content/StarterContent/Materials/M_Basic_Wall.uasset" 53
"../../../../Unreal Projects/EpitesTutorial/Content/StarterContent/Architecture/Pillar_50x500.uasset" 54
"../../../../Unreal Projects/EpitesTutorial/Content/StarterContent/Architecture/Wall_400x300.uasset" 55
"../../../../Unreal Projects/EpitesTutorial/Content/StarterContent/Architecture/Wall_400x400.uasset" 56
"../../../../Unreal Projects/EpitesTutorial/Content/StarterContent/Architecture/Wall_500x500.uasset" 57
"../../../../Unreal Projects/EpitesTutorial/Content/StarterContent/Architecture/Wall_Door_400x400.uasset" 58
"../../../../Unreal Projects/EpitesTutorial/Content/StarterContent/Architecture/Wall_Window_400x400.uasset" 59
"../../../../Unreal Projects/EpitesTutorial/Content/StarterContent/Audio/Collapse01.uasset" 60
"../../../../Unreal Projects/EpitesTutorial/Content/StarterContent/Audio/Collapse02.uasset" 61
"../../../../Unreal Projects/EpitesTutorial/Content/StarterContent/Audio/Explosion01.uasset" 62
"../../../../Unreal Projects/EpitesTutorial/Content/StarterContent/Audio/Explosion02.uasset" 63
"../../../../Unreal Projects/EpitesTutorial/Content/StarterContent/Audio/Fire01.uasset" 64
"../../../../Unreal Projects/EpitesTutorial/Content/StarterContent/Audio/Fire_Sparks01.uasset" 65
"../../../../Unreal Projects/EpitesTutorial/Content/StarterContent/Audio/Light01.uasset" 66
"../../../../Unreal Projects/EpitesTutorial/Content/StarterContent/Audio/Light01_Cue.uasset" 67
"../../../../Unreal Projects/EpitesTutorial/Content/StarterContent/Audio/Light02.uasset" 68
"../../../../Unreal Projects/EpitesTutorial/Content/StarterContent/Audio/Light02_Cue.uasset" 69
"../../../../Unreal Projects/EpitesTutorial/Content/StarterContent/Audio/Smoke01.uasset" 70
"../../../../Unreal Projects/EpitesTutorial/Content/StarterContent/Audio/Starter_Birds01.uasset" 71
"../../../../Unreal Projects/EpitesTutorial/Content/StarterContent/Audio/Starter_Music01.uasset" 72
"../../../../Unreal Projects/EpitesTutorial/Content/StarterContent/Audio/Starter_Wind05.uasset" 73
"../../../../Unreal Projects/EpitesTutorial/Content/StarterContent/Audio/Starter_Wind06.uasset" 74
"../../../../Unreal Projects/EpitesTutorial/Content/StarterContent/Audio/Steam01.uasset" 75
"../../../../Unreal Projects/EpitesTutorial/Content/StarterContent/Audio/Explosion_Cue.uasset" 76
"../../../../Unreal Projects/EpitesTutorial/Content/StarterContent/Textures/T_Burst_M.uasset" 77
"../../../../Unreal Projects/EpitesTutorial/Content/StarterContent/Particles/Materials/M_Burst.uasset" 78
"../../../../Unreal Projects/EpitesTutorial/Content/StarterContent/Textures/T_Explosion_SubUV.uasset" 79
"../../../../Unreal Projects/EpitesTutorial/Content/StarterContent/Particles/Materials/M_explosion_subUV.uasset" 80
"../../../../Unreal Projects/EpitesTutorial/Content/StarterContent/Particles/Materials/m_flare_01.uasset" 81
"../../../Engine/Content/Functions/Engine_MaterialFunctions01/Gradient/RadialGradient.uasset" 82
"../../../../Unreal Projects/EpitesTutorial/Content/StarterContent/Particles/Materials/M_radial_ramp.uasset" 83
"../../../../Unreal Projects/EpitesTutorial/Content/StarterContent/Textures/T_Smoke_SubUV.uasset" 84
"../../../../Unreal Projects/EpitesTutorial/Content/StarterContent/Textures/T_Smoke_Tiled_D.uasset" 85
"../../../../Unreal Projects/EpitesTutorial/Content/StarterContent/Particles/Materials/M_smoke_subUV.uasset" 86
"../../../../Unreal Projects/EpitesTutorial/Content/StarterContent/Particles/P_Explosion.uasset" 87
"../../../../Unreal Projects/EpitesTutorial/Content/StarterContent/Blueprints/Blueprint_Effect_Explosion.uasset" 88
"../../../Engine/Content/EditorMeshes/ColorCalibrator/T_ColorGrid.uasset" 89
"../../../../Unreal Projects/EpitesTutorial/Content/StarterContent/Materials/M_ColorGrid_LowSpec.uasset" 90
"../../../../Unreal Projects/EpitesTutorial/Content/StarterContent/Textures/T_Bush_D.uasset" 91
"../../../../Unreal Projects/EpitesTutorial/Content/StarterContent/Textures/T_Bush_N.uasset" 92
"../../../../Unreal Projects/EpitesTutorial/Content/StarterContent/Props/Materials/M_Bush.uasset" 93
"../../../../Unreal Projects/EpitesTutorial/Content/StarterContent/Props/SM_Bush.uasset" 94
"../../../../Unreal Projects/EpitesTutorial/Content/StarterContent/Textures/T_Chair_M.uasset" 95
"../../../../Unreal Projects/EpitesTutorial/Content/StarterContent/Textures/T_Chair_N.uasset" 96
"../../../../Unreal Projects/EpitesTutorial/Content/StarterContent/Props/Materials/M_Chair.uasset" 97
"../../../../Unreal Projects/EpitesTutorial/Content/StarterContent/Props/SM_Couch.uasset" 98
"../../../../Unreal Projects/EpitesTutorial/Content/StarterContent/Materials/M_Glass.uasset" 99
"../../../../Unreal Projects/EpitesTutorial/Content/StarterContent/Textures/T_Door_M.uasset" 100
"../../../../Unreal Projects/EpitesTutorial/Content/StarterContent/Textures/T_Door_N.uasset" 101
"../../../../Unreal Projects/EpitesTutorial/Content/StarterContent/Props/Materials/M_Door.uasset" 102
"../../../../Unreal Projects/EpitesTutorial/Content/StarterContent/Props/SM_Door.uasset" 103
"../../../../Unreal Projects/EpitesTutorial/Content/StarterContent/Props/Materials/M_MaterialSphere.uasset" 104
"../../../../Unreal Projects/EpitesTutorial/Content/StarterContent/Props/Materials/M_MaterialSphere_Plain.uasset" 105
"../../../../Unreal Projects/EpitesTutorial/Content/StarterContent/Props/SM_MatPreviewMesh_02.uasset" 106
"../../../../Unreal Projects/EpitesTutorial/Content/StarterContent/Textures/T_Detail_Rocky_N.uasset" 107
"../../../../Unreal Projects/EpitesTutorial/Content/StarterContent/Textures/T_Rock_Basalt_D.uasset" 108
"../../../../Unreal Projects/EpitesTutorial/Content/StarterContent/Textures/T_RockMesh_M.uasset" 109
"../../../../Unreal Projects/EpitesTutorial/Content/StarterContent/Textures/T_RockMesh_N.uasset" 110
"../../../../Unreal Projects/EpitesTutorial/Content/StarterContent/Props/Materials/M_Rock.uasset" 111
"../../../../Unreal Projects/EpitesTutorial/Content/StarterContent/Props/SM_Rock.uasset" 112
"../../../../Unreal Projects/EpitesTutorial/Content/StarterContent/Textures/T_Shelf_M.uasset" 113
"../../../../Unreal Projects/EpitesTutorial/Content/StarterContent/Textures/T_Shelf_N.uasset" 114
"../../../../Unreal Projects/EpitesTutorial/Content/StarterContent/Props/Materials/M_Shelf.uasset" 115
"../../../../Unreal Projects/EpitesTutorial/Content/StarterContent/Props/SM_Shelf.uasset" 116
"../../../../Unreal Projects/EpitesTutorial/Content/StarterContent/Materials/M_Basic_Floor.uasset" 117
"../../../../Unreal Projects/EpitesTutorial/Content/StarterContent/Props/SM_Stairs.uasset" 118
"../../../../Unreal Projects/EpitesTutorial/Content/StarterContent/Shapes/Shape_Cone.uasset" 119
"../../../../Unreal Projects/EpitesTutorial/Content/StarterContent/Shapes/Shape_Cylinder.uasset" 120
"../../../../Unreal Projects/EpitesTutorial/Content/StarterContent/Shapes/Shape_NarrowCapsule.uasset" 121
"../../../../Unreal Projects/EpitesTutorial/Content/StarterContent/Shapes/Shape_Pipe.uasset" 122
"../../../../Unreal Projects/EpitesTutorial/Content/StarterContent/Shapes/Shape_Pipe_180.uasset" 123
"../../../../Unreal Projects/EpitesTutorial/Content/StarterContent/Shapes/Shape_Pipe_90.uasset" 124
"../../../../Unreal Projects/EpitesTutorial/Content/StarterContent/Shapes/Shape_Plane.uasset" 125
"../../../../Unreal Projects/EpitesTutorial/Content/StarterContent/Shapes/Shape_Torus.uasset" 126
"../../../../Unreal Projects/EpitesTutorial/Content/StarterContent/Shapes/Shape_Trim.uasset" 127
"../../../../Unreal Projects/EpitesTutorial/Content/StarterContent/Shapes/Shape_Trim_90_In.uasset" 128
"../../../../Unreal Projects/EpitesTutorial/Content/StarterContent/Shapes/Shape_Trim_90_Out.uasset" 129
"../../../../Unreal Projects/EpitesTutorial/Content/StarterContent/Shapes/Shape_TriPyramid.uasset" 130
"../../../../Unreal Projects/EpitesTutorial/Content/StarterContent/Shapes/Shape_Tube.uasset" 131
"../../../../Unreal Projects/EpitesTutorial/Content/StarterContent/Shapes/Shape_Wedge_A.uasset" 132
"../../../../Unreal Projects/EpitesTutorial/Content/StarterContent/Shapes/Shape_Wedge_B.uasset" 133
"../../../../Unreal Projects/EpitesTutorial/Content/StarterContent/Shapes/Shape_WideCapsule.uasset" 134
"../../../Engine/Content/Animation/DefaultAnimBoneCompressionSettings.uasset" 135
"../../../Engine/Content/Animation/DefaultAnimCurveCompressionSettings.uasset" 136
"../../../Engine/Content/Functions/Engine_MaterialFunctions01/Opacity/CameraDepthFade.uasset" 137
"../../../Engine/Content/EngineMaterials/T_Default_Material_Grid_M.uasset" 138
"../../../Engine/Content/EngineMaterials/T_Default_Material_Grid_N.uasset" 139
"../../../Engine/Content/EngineMaterials/WorldGridMaterial.uasset" 140
"../../../Engine/Content/ArtTools/RenderToTexture/Meshes/S_1_Unit_Plane.uasset" 141
"../../../Engine/Content/EngineMaterials/DefaultMaterial.uasset" 142
"../../../Engine/Content/BasicShapes/Cone.uasset" 143
"../../../Engine/Content/BasicShapes/Cube.uasset" 144
"../../../Engine/Content/BasicShapes/Cylinder.uasset" 145
"../../../Engine/Content/BasicShapes/Plane.uasset" 146
"../../../Engine/Content/BasicShapes/Sphere.uasset" 147
"../../../Engine/Content/EditorLandscapeResources/DataLayer.uasset" 148
"../../../Engine/Content/EditorMaterials/MAT_Groups_Toggle.uasset" 149
"../../../Engine/Content/EditorMaterials/MAT_Groups_Visibility.uasset" 150
"../../../Engine/Content/EditorMaterials/PreviewShadowIndicator.uasset" 151
"../../../Engine/Content/EditorMaterials/PreviewShadowIndicatorMaterial.uasset" 152
"../../../Engine/Content/EditorMaterials/MatineeGroups/MAT_ColorTrack.uasset" 153
"../../../Engine/Content/EditorMaterials/MatineeGroups/MAT_Groups_Anim.uasset" 154
"../../../Engine/Content/EditorMaterials/MatineeGroups/MAT_Groups_AudioMaster.uasset" 155
"../../../Engine/Content/EditorMaterials/MatineeGroups/MAT_Groups_Director.uasset" 156
"../../../Engine/Content/EditorMaterials/MatineeGroups/MAT_Groups_Event.uasset" 157
"../../../Engine/Content/EditorMaterials/MatineeGroups/MAT_Groups_Fade.uasset" 158
"../../../Engine/Content/EditorMaterials/MatineeGroups/MAT_Groups_Float.uasset" 159
"../../../Engine/Content/EditorMaterials/MatineeGroups/MAT_Groups_Move.uasset" 160
"../../../Engine/Content/EditorMaterials/MatineeGroups/MAT_Groups_Slomo.uasset" 161
"../../../Engine/Content/EditorMaterials/MatineeGroups/MAT_Groups_Sound.uasset" 162
"../../../Engine/Content/EditorMaterials/MatineeGroups/MAT_Groups_Vector.uasset" 163
"../../../Engine/Content/EditorMaterials/ParticleSystems/PSysThumbnail_NoImage.uasset" 164
"../../../Engine/Content/EditorMaterials/ParticleSystems/PSysThumbnail_OOD.uasset" 165
"../../../Engine/Content/EditorMaterials/Camera/CineMat.uasset" 166
"../../../Engine/Content/EditorMaterials/Camera/MI_CineMat_Rig.uasset" 167
"../../../Engine/Content/EditorMeshes/Camera/SM_CraneRig_Arm.uasset" 168
"../../../Engine/Content/EditorMeshes/Camera/SM_CraneRig_Base.uasset" 169
"../../../Engine/Content/EditorMeshes/Camera/SM_CraneRig_Body.uasset" 170
"../../../Engine/Content/EditorMeshes/Camera/SM_CraneRig_Mount.uasset" 171
"../../../Engine/Content/EditorMeshes/Camera/SM_RailRig_Mount.uasset" 172
"../../../Engine/Content/EditorMeshes/Camera/SM_RailRig_Track.uasset" 173
"../../../Engine/Content/EditorResources/BSPVertex.uasset" 174
"../../../Engine/Content/EditorResources/EmptyActor.uasset" 175
"../../../Engine/Content/EditorResources/S_Actor.uasset" 176
"../../../Engine/Content/EditorResources/S_Note.uasset" 177
"../../../Engine/Content/EditorResources/S_Solver.uasset" 178
"../../../Engine/Content/EditorResources/S_Trigger.uasset" 179
"../../../Engine/Content/EditorResources/AudioIcons/S_AudioComponent.uasset" 180
"../../../Engine/Content/EditorResources/AudioIcons/S_AudioComponent_AutoActivate.uasset" 181
"../../../Engine/Content/EditorResources/LightIcons/S_LightError.uasset" 182
"../../../Engine/Content/EditorResources/SequenceRecorder/Countdown.uasset" 183
"../../../Engine/Content/EditorResources/SequenceRecorder/RecordingIndicator.uasset" 184
"../../../Engine/Content/EditorSounds/Notifications/CompileFailed.uasset" 185
"../../../Engine/Content/EditorSounds/Notifications/CompileFailed_Cue.uasset" 186
"../../../Engine/Content/EditorSounds/Notifications/CompileSuccess.uasset" 187
"../../../Engine/Content/EditorSounds/Notifications/CompileStart_Cue.uasset" 188
"../../../Engine/Content/EditorSounds/Notifications/CompileSuccess_Cue.uasset" 189
"../../../Engine/Content/EngineDamageTypes/DmgTypeBP_Environmental.uasset" 190
"../../../Engine/Content/EngineDebugMaterials/DebugEditorMaterial.uasset" 191
"../../../Engine/Content/EngineDebugMaterials/DebugMeshMaterial.uasset" 192
"../../../Engine/Content/EngineDebugMaterials/M_SimpleUnlitTranslucent.uasset" 193
"../../../Engine/Content/Functions/Engine_MaterialFunctions02/Utility/CameraDirectionVector.uasset" 194
"../../../Engine/Content/EngineDebugMaterials/VolumeToRender.uasset" 195
"../../../Engine/Content/EngineDebugMaterials/M_VolumeRenderSphereTracePP.uasset" 196
"../../../Engine/Content/EngineDebugMaterials/WireframeMaterial.uasset" 197
"../../../Engine/Content/EngineFonts/Faces/DroidSansFallback.uasset" 198
"../../../Engine/Content/EngineFonts/Faces/RobotoBold.uasset" 199
"../../../Engine/Content/EngineFonts/Faces/RobotoBoldItalic.uasset" 200
"../../../Engine/Content/EngineFonts/Faces/RobotoItalic.uasset" 201
"../../../Engine/Content/EngineFonts/Faces/RobotoLight.uasset" 202
"../../../Engine/Content/EngineFonts/Faces/RobotoRegular.uasset" 203
"../../../Engine/Content/EngineFonts/Roboto.uasset" 204
"../../../Engine/Content/EngineMaterials/BaseFlattenDiffuseMap.uasset" 205
"../../../Engine/Content/EngineMaterials/BaseFlattenEmissiveMap.uasset" 206
"../../../Engine/Content/EngineMaterials/BaseFlattenGrayscaleMap.uasset" 207
"../../../Engine/Content/EngineMaterials/BaseFlattenNormalMap.uasset" 208
"../../../Engine/Content/EngineMaterials/BaseFlattenMaterial.uasset" 209
"../../../Engine/Content/EngineMaterials/BlueNoise.uasset" 210
"../../../Engine/Content/EngineMaterials/DefaultBloomKernel.uasset" 211
"../../../Engine/Content/EngineMaterials/DefaultBokeh.uasset" 212
"../../../Engine/Content/EngineMaterials/DefaultDiffuse.uasset" 213
"../../../Engine/Content/EngineMaterials/DefaultDeferredDecalMaterial.uasset" 214
"../../../Engine/Content/EngineMaterials/DefaultLightFunctionMaterial.uasset" 215
"../../../Engine/Content/EngineMaterials/DefaultPhysicalMaterial.uasset" 216
"../../../Engine/Content/Functions/Engine_MaterialFunctions02/Utility/BreakOutFloat2Components.uasset" 217
"../../../Engine/Content/EngineMaterials/DefaultPostProcessMaterial.uasset" 218
"../../../Engine/Content/EngineFonts/RobotoDistanceField.uasset" 219
"../../../Engine/Content/EngineMaterials/DefaultTextMaterialOpaque.uasset" 220
"../../../Engine/Content/EngineMaterials/DefaultWhiteGrid.uasset" 221
"../../../Engine/Content/EngineMaterials/DefaultWhiteGrid_Low.uasset" 222
"../../../Engine/Content/EngineMaterials/EmissiveMeshMaterial.uasset" 223
"../../../Engine/Content/EngineMaterials/GizmoMaterial.uasset" 224
"../../../Engine/Content/EngineMaterials/Good64x64TilingNoiseHighFreq.uasset" 225
"../../../Engine/Content/EngineMaterials/MiniFont.uasset" 226
"../../../Engine/Content/EngineMaterials/InvalidLightmapSettings.uasset" 227
"../../../Engine/Content/EngineMaterials/M_InvalidLightmapSettings.uasset" 228
"../../../Engine/Content/Functions/Engine_MaterialFunctions02/WorldPositionOffset/CameraOffset.uasset" 229
"../../../Engine/Content/EngineMaterials/PhAT_JointLimitMaterial.uasset" 230
"../../../Engine/Content/EngineMaterials/PreintegratedSkinBRDF.uasset" 231
"../../../Engine/Content/EngineMaterials/RemoveSurfaceMaterial.uasset" 232
"../../../Engine/Content/EngineMaterials/WeightMapPlaceholderTexture.uasset" 233
"../../../Engine/Content/EngineResources/WhiteSquareTexture.uasset" 234
"../../../Engine/Content/EngineMaterials/Widget3DPassThrough.uasset" 235
"../../../Engine/Content/EngineMaterials/Widget3DPassThrough_Masked.uasset" 236
"../../../Engine/Content/EngineMaterials/Widget3DPassThrough_Opaque.uasset" 237
"../../../Engine/Content/EngineMaterials/Widget3DPassThrough_Masked_OneSided.uasset" 238
"../../../Engine/Content/EngineMaterials/Widget3DPassThrough_Opaque_OneSided.uasset" 239
"../../../Engine/Content/EngineMaterials/Widget3DPassThrough_Translucent.uasset" 240
"../../../Engine/Content/EngineMaterials/Widget3DPassThrough_Translucent_OneSided.uasset" 241
"../../../Engine/Content/EngineMeshes/Cylinder.uasset" 242
"../../../Engine/Content/EngineMeshes/Sphere.uasset" 243
"../../../Engine/Content/EngineResources/Black.uasset" 244
"../../../Engine/Content/EngineResources/DefaultTexture.uasset" 245
"../../../Engine/Content/EngineResources/DefaultTextureCube.uasset" 246
"../../../Engine/Content/EngineResources/DefaultVolumeTexture2D.uasset" 247
"../../../Engine/Content/EngineResources/DefaultVolumeTexture.uasset" 248
"../../../Engine/Content/EngineResources/GradientTexture0.uasset" 249
"../../../Engine/Content/EngineSounds/Master.uasset" 250
"../../../Engine/Content/Functions/Engine_MaterialFunctions01/Shading/ConvertFromDiffSpec.uasset" 251
"../../../Engine/Content/Functions/Engine_MaterialFunctions01/Shading/PowerToRoughness.uasset" 252
"../../../Engine/Content/Maps/Templates/Thumbnails/Default.uasset" 253
"../../../Engine/Content/Maps/Templates/Thumbnails/TimeOfDay.uasset" 254
"../../../Engine/Content/Maps/Templates/Thumbnails/VR-Basic.uasset" 255
"../../../Engine/Content/MobileResources/T_MobileControls_texture.uasset" 256
"../../../Engine/Content/MobileResources/T_MobileMenu2.uasset" 257
"../../../Engine/Content/MobileResources/HUD/AnalogHat.uasset" 258
"../../../Engine/Content/MobileResources/HUD/VirtualJoystick_Background.uasset" 259
"../../../Engine/Content/MobileResources/HUD/VirtualJoystick_Thumb.uasset" 260
"../../../Engine/Content/MobileResources/HUD/DefaultVirtualJoysticks.uasset" 261
"../../../Engine/Content/MobileResources/HUD/LeftVirtualJoystickOnly.uasset" 262
"../../../Engine/Content/MobileResources/HUD/MobileHUDButton1_off.uasset" 263
"../../../Engine/Content/MobileResources/HUD/MobileHUDButton1_on.uasset" 264
"../../../Engine/Content/MobileResources/HUD/MobileHUDButton2_off.uasset" 265
"../../../Engine/Content/MobileResources/HUD/MobileHUDButton2_on.uasset" 266
"../../../Engine/Content/MobileResources/HUD/MobileHUDButton3.uasset" 267
"../../../Engine/Content/MobileResources/HUD/MobileHUDButtonFire.uasset" 268
"../../../Engine/Content/MobileResources/HUD/MobileHUDDirectionPad.uasset" 269
"../../../Engine/Content/MobileResources/HUD/MobileHUDDirectionPad2.uasset" 270
"../../../Engine/Content/MobileResources/HUD/MobileHUDDirectionPad3.uasset" 271
"../../../Engine/Content/MobileResources/HUD/MobileHUDDirectionStick.uasset" 272
"../../../Engine/Content/MobileResources/HUD/T_Castle_ThumbstickInner.uasset" 273
"../../../Engine/Content/MobileResources/HUD/T_Castle_ThumbstickOutter.uasset" 274
"../../../Engine/Content/Tutorial/ContentIntroCurve.uasset" 275
"../../../Engine/Content/Tutorial/Basics/LevelEditorAttract.uasset" 276
"../../../Engine/Content/VREditor/LaserPointer/VR_LaserPower_01.uasset" 277
"../../../Engine/Content/VREditor/TransformGizmo/TransformGizmoMaterial.uasset" 278
"../../../Engine/Content/VREditor/TransformGizmo/TranslucentTransformGizmoMaterial.uasset" 279
"../../../Engine/Content/VREditor/TransformGizmo/BoundingBoxCorner.uasset" 280
"../../../Engine/Content/VREditor/TransformGizmo/BoundingBoxEdge.uasset" 281
"../../../Engine/Content/VREditor/TransformGizmo/PlaneTranslationHandle.uasset" 282
"../../../Engine/Content/VREditor/TransformGizmo/Main.uasset" 283
"../../../Engine/Content/VREditor/TransformGizmo/Xray.uasset" 284
"../../../Engine/Content/VREditor/TransformGizmo/SM_Sequencer_Key.uasset" 285
"../../../Engine/Content/VREditor/TransformGizmo/SM_Sequencer_Node.uasset" 286
"../../Plugins/2D/Paper2D/Content/PlaceholderTextures/DummySpriteTexture.uasset" 287
"../../Plugins/2D/Paper2D/Content/DummySprite.uasset" 288
"../../Plugins/2D/Paper2D/Content/DefaultPaperTerrainMaterial.uasset" 289
"../../Plugins/2D/Paper2D/Content/DefaultSpriteMaterial.uasset" 290
"../../Plugins/2D/Paper2D/Content/MaskedUnlitSpriteMaterial.uasset" 291
"../../Plugins/2D/Paper2D/Content/OpaqueUnlitSpriteMaterial.uasset" 292
"../../Plugins/FX/Niagara/Content/Enums/ENiagaraBooleanLogicOps.uasset" 293
"../../Plugins/FX/Niagara/Content/Enums/ENiagaraCoordinateSpace.uasset" 294
"../../Plugins/FX/Niagara/Content/Enums/ENiagaraExpansionMode.uasset" 295
"../../Plugins/FX/Niagara/Content/Enums/ENiagaraOrientationAxis.uasset" 296
"../../Plugins/FX/Niagara/Content/Enums/ENiagaraRandomnessMode.uasset" 297
"../../../Engine/Content/Functions/Engine_MaterialFunctions02/Utility/BreakOutFloat4Components.uasset" 298
"../../../Engine/Content/Functions/Engine_MaterialFunctions02/Utility/MakeFloat2.uasset" 299
"../../../Engine/Content/Functions/Engine_MaterialFunctions02/Utility/MakeFloat3.uasset" 300
"../../Plugins/Runtime/Oculus/OculusVR/Content/Materials/OculusMR_ChromaKey.uasset" 301
"../../Plugins/Runtime/Oculus/OculusVR/Content/Materials/OculusMR_ChromaKey_Lit.uasset" 302
"../../Plugins/Runtime/Oculus/OculusVR/Content/Materials/OculusMR_OpaqueColoredMaterial.uasset" 303
"../../Plugins/Runtime/Oculus/OculusVR/Content/Materials/OculusMR_WhiteMaterial.uasset" 304
"../../../../Unreal Projects/EpitesTutorial/Content/My/Materials/PreviewMat.uasset" 305
"../../../../Unreal Projects/EpitesTutorial/Content/StarterContent/Textures/T_MacroVariation.uasset" 306
"../../../../Unreal Projects/EpitesTutorial/Content/StarterContent/Textures/T_Wood_Oak_D.uasset" 307
"../../../../Unreal Projects/EpitesTutorial/Content/StarterContent/Textures/T_Wood_Oak_N.uasset" 308
"../../../../Unreal Projects/EpitesTutorial/Content/StarterContent/Materials/M_Wood_Oak.uasset" 309
"../../../../Unreal Projects/EpitesTutorial/Content/My/Inventory/MaterialTypes.uasset" 310
"../../../../Unreal Projects/EpitesTutorial/Content/My/Inventory/BlockStructure.uasset" 311
"../../../../Unreal Projects/EpitesTutorial/Content/My/BPs/StandardBlock.uasset" 312
"../../../../Unreal Projects/EpitesTutorial/Content/StarterContent/Textures/T_Metal_Steel_D.uasset" 313
"../../../../Unreal Projects/EpitesTutorial/Content/StarterContent/Textures/T_Metal_Steel_N.uasset" 314
"../../../../Unreal Projects/EpitesTutorial/Content/StarterContent/Materials/M_Metal_Steel.uasset" 315
"../../../../Unreal Projects/EpitesTutorial/Content/My/BPs/SteelBlock.uasset" 316
"../../../../Unreal Projects/EpitesTutorial/Content/My/Inventory/BlockDataTable.uasset" 317
"../../../../Unreal Projects/EpitesTutorial/Content/Geometry/Meshes/1M_Cube.uasset" 318
"../../../../Unreal Projects/EpitesTutorial/Content/My/BPs/PlaceableBlock.uasset" 319
"../../../../Unreal Projects/EpitesTutorial/Content/My/Materials/ButtonMat.uasset" 320
"../../../../Unreal Projects/EpitesTutorial/Content/My/Inventory/InventoryComponent.uasset" 321
"../../../../Unreal Projects/EpitesTutorial/Content/My/Inventory/ItemStructure.uasset" 322
"../../../../Unreal Projects/EpitesTutorial/Content/My/Inventory/ItemDataTable.uasset" 323
"../../../../Unreal Projects/EpitesTutorial/Content/My/HUDs/BuildButtons.uasset" 324
"../../../../Unreal Projects/EpitesTutorial/Content/My/HUDs/BuildMenuContent.uasset" 325
"../../../../Unreal Projects/EpitesTutorial/Content/My/HUDs/InventoryMenuItem.uasset" 326
"../../../../Unreal Projects/EpitesTutorial/Content/My/HUDs/InventoryMenuContent.uasset" 327
"../../../../Unreal Projects/EpitesTutorial/Content/My/HUDs/BuildMenu.uasset" 328
"../../../../Unreal Projects/EpitesTutorial/Content/My/HUDs/HeadsUpDisplay.uasset" 329
"../../../../Unreal Projects/EpitesTutorial/Content/FirstPersonBP/Blueprints/MyPlayerController.uasset" 330
"../../../../Unreal Projects/EpitesTutorial/Content/FirstPersonBP/Blueprints/FirstPersonCharacter.uasset" 331
"../../../Engine/Content/EngineSky/C_Sky_Cloud_Color.uasset" 332
"../../../Engine/Content/EngineSky/C_Sky_Horizon_Color.uasset" 333
"../../../Engine/Content/EngineSky/C_Sky_Zenith_Color.uasset" 334
"../../../Engine/Content/EngineSky/T_Sky_Blue.uasset" 335
"../../../Engine/Content/EngineSky/T_Sky_Clouds_M.uasset" 336
"../../../Engine/Content/EngineSky/T_Sky_Stars.uasset" 337
"../../../Engine/Content/EngineSky/M_Sky_Panning_Clouds2.uasset" 338
"../../../Engine/Content/EngineSky/SM_SkySphere.uasset" 339
"../../../Engine/Content/EngineSky/BP_Sky_Sphere.uasset" 340
"../../../../Unreal Projects/EpitesTutorial/Content/FirstPerson/Textures/FirstPersonCrosshair.uasset" 341
"../../../../Unreal Projects/EpitesTutorial/Content/FirstPersonBP/Blueprints/FirstPersonHUD.uasset" 342
"../../../../Unreal Projects/EpitesTutorial/Content/FirstPersonBP/Blueprints/FirstPersonGameMode.uasset" 343
"../../../../Unreal Projects/EpitesTutorial/Content/My/BPs/MaterialBox.uasset" 344
"../../../../Unreal Projects/EpitesTutorial/Content/FirstPersonBP/Maps/FirstPersonExampleMap_BuiltData.uasset" 345
"../../../../Unreal Projects/EpitesTutorial/Content/FirstPerson/Meshes/CubeMaterialOverride.uasset" 346
"../../../../Unreal Projects/EpitesTutorial/Content/FirstPersonBP/Maps/FirstPersonExampleMap.umap" 347
"../../../../Unreal Projects/EpitesTutorial/Content/StarterContent/Blueprints/Assets/FogBrightnessLUT.uasset" 348
"../../../../Unreal Projects/EpitesTutorial/Content/StarterContent/Blueprints/Assets/SunlightColorLUT.uasset" 349
"../../../../Unreal Projects/EpitesTutorial/Content/StarterContent/Blueprints/Assets/M_LightStage_Arrows.uasset" 350
"../../../Engine/Content/MapTemplates/Sky/DaylightAmbientCubemap.uasset" 351
"../../../../Unreal Projects/EpitesTutorial/Content/StarterContent/Blueprints/Assets/M_LightStage_Skybox_Master.uasset" 352
"../../../../Unreal Projects/EpitesTutorial/Content/StarterContent/Blueprints/Assets/M_LightStage_Skybox_Black.uasset" 353
"../../../../Unreal Projects/EpitesTutorial/Content/StarterContent/Blueprints/Assets/M_LightStage_Skybox_HDRI.uasset" 354
"../../../Engine/Content/EditorMaterials/Thumbnails/SkySphereMaterial.uasset" 355
"../../../../Unreal Projects/EpitesTutorial/Content/StarterContent/Blueprints/Assets/Skybox.uasset" 356
"../../../../Unreal Projects/EpitesTutorial/Content/StarterContent/Blueprints/Assets/SM_Arrows.uasset" 357
"../../../../Unreal Projects/EpitesTutorial/Content/StarterContent/HDRI/HDRI_Epic_Courtyard_Daylight.uasset" 358
"../../../../Unreal Projects/EpitesTutorial/Content/StarterContent/Blueprints/BP_LightStudio.uasset" 359
"../../../../Unreal Projects/EpitesTutorial/Content/StarterContent/Maps/Advanced_Lighting_BuiltData.uasset" 360
"../../../../Unreal Projects/EpitesTutorial/Content/StarterContent/Materials/M_AssetPlatform.uasset" 361
"../../../Engine/Content/EditorMeshes/ColorCalibrator/M_ChromeBall.uasset" 362
"../../../Engine/Content/EditorMeshes/ColorCalibrator/M_ClearCoat.uasset" 363
"../../../Engine/Content/EditorMeshes/ColorCalibrator/M_ClearCoatBlack.uasset" 364
"../../../Engine/Content/EditorMeshes/ColorCalibrator/Color_checker.uasset" 365
"../../../Engine/Content/EditorMeshes/ColorCalibrator/M_ColorGrid.uasset" 366
"../../../Engine/Content/EditorMeshes/ColorCalibrator/M_GreyBall.uasset" 367
"../../../Engine/Content/EditorMeshes/ColorCalibrator/SM_ColorCalibrator.uasset" 368
"../../../../Unreal Projects/EpitesTutorial/Content/StarterContent/Architecture/SM_AssetPlatform.uasset" 369
"../../../../Unreal Projects/EpitesTutorial/Content/StarterContent/Maps/Advanced_Lighting.umap" 370
"../../../../Unreal Projects/EpitesTutorial/Content/StarterContent/Maps/Minimal_Default_BuiltData.uasset" 371
"../../../../Unreal Projects/EpitesTutorial/Content/StarterContent/Materials/M_Metal_Brushed_Nickel.uasset" 372
"../../../../Unreal Projects/EpitesTutorial/Content/StarterContent/Textures/T_Metal_Aluminum_D.uasset" 373
"../../../../Unreal Projects/EpitesTutorial/Content/StarterContent/Textures/T_Metal_Gold_N.uasset" 374
"../../../../Unreal Projects/EpitesTutorial/Content/StarterContent/Materials/M_Metal_Burnished_Steel.uasset" 375
"../../../../Unreal Projects/EpitesTutorial/Content/StarterContent/Textures/T_Metal_Copper_D.uasset" 376
"../../../../Unreal Projects/EpitesTutorial/Content/StarterContent/Materials/M_Metal_Copper.uasset" 377
"../../../../Unreal Projects/EpitesTutorial/Content/StarterContent/Textures/T_Statue_M.uasset" 378
"../../../../Unreal Projects/EpitesTutorial/Content/StarterContent/Textures/T_Statue_N.uasset" 379
"../../../../Unreal Projects/EpitesTutorial/Content/StarterContent/Props/Materials/M_StatueGlass.uasset" 380
"../../../../Unreal Projects/EpitesTutorial/Content/StarterContent/Architecture/Floor_400x400.uasset" 381
"../../../../Unreal Projects/EpitesTutorial/Content/StarterContent/Audio/Starter_Background_Cue.uasset" 382
"../../../../Unreal Projects/EpitesTutorial/Content/StarterContent/Props/SM_Chair.uasset" 383
"../../../../Unreal Projects/EpitesTutorial/Content/StarterContent/Props/Materials/M_Statue.uasset" 384
"../../../../Unreal Projects/EpitesTutorial/Content/StarterContent/Props/SM_Statue.uasset" 385
"../../../../Unreal Projects/EpitesTutorial/Content/StarterContent/Textures/T_TableRound_M.uasset" 386
"../../../../Unreal Projects/EpitesTutorial/Content/StarterContent/Textures/T_TableRound_N.uasset" 387
"../../../../Unreal Projects/EpitesTutorial/Content/StarterContent/Props/Materials/M_TableRound.uasset" 388
"../../../../Unreal Projects/EpitesTutorial/Content/StarterContent/Props/SM_TableRound.uasset" 389
"../../../../Unreal Projects/EpitesTutorial/Content/StarterContent/Maps/Minimal_Default.umap" 390
"../../../../Unreal Projects/EpitesTutorial/Content/StarterContent/Audio/Fire01_Cue.uasset" 391
"../../../../Unreal Projects/EpitesTutorial/Content/StarterContent/Textures/T_Fire_SubUV.uasset" 392
"../../../../Unreal Projects/EpitesTutorial/Content/StarterContent/Textures/T_Fire_Tiled_D.uasset" 393
"../../../../Unreal Projects/EpitesTutorial/Content/StarterContent/Particles/Materials/M_Fire_SubUV.uasset" 394
"../../../../Unreal Projects/EpitesTutorial/Content/StarterContent/Textures/T_Water_N.uasset" 395
"../../../../Unreal Projects/EpitesTutorial/Content/StarterContent/Particles/Materials/M_Heat_Distortion.uasset" 396
"../../../../Unreal Projects/EpitesTutorial/Content/StarterContent/Particles/Materials/M_Radial_Gradient.uasset" 397
"../../../../Unreal Projects/EpitesTutorial/Content/StarterContent/Particles/P_Fire.uasset" 398
"../../../../Unreal Projects/EpitesTutorial/Content/StarterContent/Blueprints/Blueprint_Effect_Fire.uasset" 399
"../../../../Unreal Projects/EpitesTutorial/Content/StarterContent/Audio/Smoke01_Cue.uasset" 400
"../../../../Unreal Projects/EpitesTutorial/Content/StarterContent/Particles/P_Smoke.uasset" 401
"../../../../Unreal Projects/EpitesTutorial/Content/StarterContent/Blueprints/Blueprint_Effect_Smoke.uasset" 402
"../../../../Unreal Projects/EpitesTutorial/Content/StarterContent/Audio/Fire_Sparks01_Cue.uasset" 403
"../../../../Unreal Projects/EpitesTutorial/Content/StarterContent/Textures/T_Spark_Core.uasset" 404
"../../../../Unreal Projects/EpitesTutorial/Content/StarterContent/Particles/Materials/M_Spark.uasset" 405
"../../../../Unreal Projects/EpitesTutorial/Content/StarterContent/Particles/P_Sparks.uasset" 406
"../../../../Unreal Projects/EpitesTutorial/Content/StarterContent/Blueprints/Blueprint_Effect_Sparks.uasset" 407
"../../../../Unreal Projects/EpitesTutorial/Content/StarterContent/Audio/Steam01_Cue.uasset" 408
"../../../../Unreal Projects/EpitesTutorial/Content/StarterContent/Particles/P_Steam_Lit.uasset" 409
"../../../../Unreal Projects/EpitesTutorial/Content/StarterContent/Blueprints/Blueprint_Effect_Steam.uasset" 410
"../../../../Unreal Projects/EpitesTutorial/Content/StarterContent/Textures/T_Lamp_M.uasset" 411
"../../../../Unreal Projects/EpitesTutorial/Content/StarterContent/Textures/T_Lamp_N.uasset" 412
"../../../../Unreal Projects/EpitesTutorial/Content/StarterContent/Props/Materials/M_Lamp.uasset" 413
"../../../../Unreal Projects/EpitesTutorial/Content/StarterContent/Props/SM_Lamp_Ceiling.uasset" 414
"../../../../Unreal Projects/EpitesTutorial/Content/StarterContent/Blueprints/Blueprint_CeilingLight.uasset" 415
"../../../../Unreal Projects/EpitesTutorial/Content/StarterContent/Props/SM_Lamp_Wall.uasset" 416
"../../../../Unreal Projects/EpitesTutorial/Content/StarterContent/Blueprints/Blueprint_WallSconce.uasset" 417
"../../../../Unreal Projects/EpitesTutorial/Content/StarterContent/Maps/StarterMap_BuiltData.uasset" 418
"../../../Engine/Content/Functions/Engine_MaterialFunctions03/Procedurals/ComputeFilterWidth.uasset" 419
"../../../Engine/Content/EngineMaterials/AntiAliasedTextMaterialTranslucent.uasset" 420
"../../../../Unreal Projects/EpitesTutorial/Content/StarterContent/Textures/T_Brick_Clay_Beveled_D.uasset" 421
"../../../../Unreal Projects/EpitesTutorial/Content/StarterContent/Textures/T_Brick_Clay_Beveled_M.uasset" 422
"../../../../Unreal Projects/EpitesTutorial/Content/StarterContent/Textures/T_Brick_Clay_Beveled_N.uasset" 423
"../../../../Unreal Projects/EpitesTutorial/Content/StarterContent/Materials/M_Brick_Clay_Beveled.uasset" 424
"../../../../Unreal Projects/EpitesTutorial/Content/StarterContent/Textures/T_Brick_Clay_New_D.uasset" 425
"../../../../Unreal Projects/EpitesTutorial/Content/StarterContent/Textures/T_Brick_Clay_New_M.uasset" 426
"../../../../Unreal Projects/EpitesTutorial/Content/StarterContent/Textures/T_Brick_Clay_New_N.uasset" 427
"../../../../Unreal Projects/EpitesTutorial/Content/StarterContent/Materials/M_Brick_Clay_New.uasset" 428
"../../../../Unreal Projects/EpitesTutorial/Content/StarterContent/Textures/T_Brick_Clay_Old_D.uasset" 429
"../../../../Unreal Projects/EpitesTutorial/Content/StarterContent/Textures/T_Brick_Clay_Old_N.uasset" 430
"../../../../Unreal Projects/EpitesTutorial/Content/StarterContent/Textures/T_Perlin_Noise_M.uasset" 431
"../../../../Unreal Projects/EpitesTutorial/Content/StarterContent/Materials/M_Brick_Clay_Old.uasset" 432
"../../../../Unreal Projects/EpitesTutorial/Content/StarterContent/Textures/T_Brick_Cut_Stone_D.uasset" 433
"../../../../Unreal Projects/EpitesTutorial/Content/StarterContent/Textures/T_Brick_Cut_Stone_N.uasset" 434
"../../../../Unreal Projects/EpitesTutorial/Content/StarterContent/Materials/M_Brick_Cut_Stone.uasset" 435
"../../../../Unreal Projects/EpitesTutorial/Content/StarterContent/Textures/T_Brick_Hewn_Stone_D.uasset" 436
"../../../../Unreal Projects/EpitesTutorial/Content/StarterContent/Textures/T_Brick_Hewn_Stone_M.uasset" 437
"../../../../Unreal Projects/EpitesTutorial/Content/StarterContent/Textures/T_Brick_Hewn_Stone_N.uasset" 438
"../../../../Unreal Projects/EpitesTutorial/Content/StarterContent/Materials/M_Brick_Hewn_Stone.uasset" 439
"../../../../Unreal Projects/EpitesTutorial/Content/StarterContent/Textures/T_Ceramic_Tile_M.uasset" 440
"../../../../Unreal Projects/EpitesTutorial/Content/StarterContent/Textures/T_Ceramic_Tile_N.uasset" 441
"../../../../Unreal Projects/EpitesTutorial/Content/StarterContent/Textures/T_Rock_Marble_Polished_D.uasset" 442
"../../../../Unreal Projects/EpitesTutorial/Content/StarterContent/Materials/M_Ceramic_Tile_Checker.uasset" 443
"../../../../Unreal Projects/EpitesTutorial/Content/StarterContent/Textures/T_CobbleStone_Pebble_D.uasset" 444
"../../../../Unreal Projects/EpitesTutorial/Content/StarterContent/Textures/T_CobbleStone_Pebble_M.uasset" 445
"../../../../Unreal Projects/EpitesTutorial/Content/StarterContent/Textures/T_CobbleStone_Pebble_N.uasset" 446
"../../../../Unreal Projects/EpitesTutorial/Content/StarterContent/Materials/M_CobbleStone_Pebble.uasset" 447
"../../../../Unreal Projects/EpitesTutorial/Content/StarterContent/Textures/T_CobbleStone_Rough_D.uasset" 448
"../../../../Unreal Projects/EpitesTutorial/Content/StarterContent/Textures/T_CobbleStone_Rough_N.uasset" 449
"../../../../Unreal Projects/EpitesTutorial/Content/StarterContent/Textures/T_Gradinet_01.uasset" 450
"../../../../Unreal Projects/EpitesTutorial/Content/StarterContent/Textures/T_Rock_Smooth_Granite_D.uasset" 451
"../../../../Unreal Projects/EpitesTutorial/Content/StarterContent/Materials/M_CobbleStone_Rough.uasset" 452
"../../../../Unreal Projects/EpitesTutorial/Content/StarterContent/Textures/T_CobbleStone_Smooth_D.uasset" 453
"../../../../Unreal Projects/EpitesTutorial/Content/StarterContent/Textures/T_CobbleStone_Smooth_M.uasset" 454
"../../../../Unreal Projects/EpitesTutorial/Content/StarterContent/Textures/T_CobbleStone_Smooth_N.uasset" 455
"../../../../Unreal Projects/EpitesTutorial/Content/StarterContent/Materials/M_CobbleStone_Smooth.uasset" 456
"../../../../Unreal Projects/EpitesTutorial/Content/StarterContent/Textures/T_Concrete_Grime_D.uasset" 457
"../../../../Unreal Projects/EpitesTutorial/Content/StarterContent/Textures/T_Metal_Rust_N.uasset" 458
"../../../../Unreal Projects/EpitesTutorial/Content/StarterContent/Materials/M_Concrete_Grime.uasset" 459
"../../../../Unreal Projects/EpitesTutorial/Content/StarterContent/Textures/T_Concrete_Panels_D.uasset" 460
"../../../../Unreal Projects/EpitesTutorial/Content/StarterContent/Textures/T_Concrete_Panels_N.uasset" 461
"../../../../Unreal Projects/EpitesTutorial/Content/StarterContent/Materials/M_Concrete_Panels.uasset" 462
"../../../../Unreal Projects/EpitesTutorial/Content/StarterContent/Textures/T_Concrete_Poured_D.uasset" 463
"../../../../Unreal Projects/EpitesTutorial/Content/StarterContent/Textures/T_Concrete_Poured_N.uasset" 464
"../../../../Unreal Projects/EpitesTutorial/Content/StarterContent/Materials/M_Concrete_Poured.uasset" 465
"../../../../Unreal Projects/EpitesTutorial/Content/StarterContent/Textures/T_Concrete_Tiles_D.uasset" 466
"../../../../Unreal Projects/EpitesTutorial/Content/StarterContent/Textures/T_Concrete_Tiles_M.uasset" 467
"../../../../Unreal Projects/EpitesTutorial/Content/StarterContent/Textures/T_Concrete_Tiles_N.uasset" 468
"../../../../Unreal Projects/EpitesTutorial/Content/StarterContent/Textures/T_Concrete_Tiles_Variation_M.uasset" 469
"../../../../Unreal Projects/EpitesTutorial/Content/StarterContent/Materials/M_Concrete_Tiles.uasset" 470
"../../../../Unreal Projects/EpitesTutorial/Content/StarterContent/Textures/T_Ground_Grass_D.uasset" 471
"../../../../Unreal Projects/EpitesTutorial/Content/StarterContent/Textures/T_Ground_Grass_N.uasset" 472
"../../../../Unreal Projects/EpitesTutorial/Content/StarterContent/Materials/M_Ground_Grass.uasset" 473
"../../../../Unreal Projects/EpitesTutorial/Content/StarterContent/Textures/T_Ground_Gravel_D.uasset" 474
"../../../../Unreal Projects/EpitesTutorial/Content/StarterContent/Textures/T_Ground_Gravel_N.uasset" 475
"../../../../Unreal Projects/EpitesTutorial/Content/StarterContent/Materials/M_Ground_Gravel.uasset" 476
"../../../../Unreal Projects/EpitesTutorial/Content/StarterContent/Textures/T_ground_Moss_D.uasset" 477
"../../../../Unreal Projects/EpitesTutorial/Content/StarterContent/Textures/T_Ground_Moss_N.uasset" 478
"../../../../Unreal Projects/EpitesTutorial/Content/StarterContent/Materials/M_Ground_Moss.uasset" 479
"../../../../Unreal Projects/EpitesTutorial/Content/StarterContent/Materials/M_Metal_Chrome.uasset" 480
"../../../../Unreal Projects/EpitesTutorial/Content/StarterContent/Textures/T_Metal_Gold_D.uasset" 481
"../../../../Unreal Projects/EpitesTutorial/Content/StarterContent/Materials/M_Metal_Gold.uasset" 482
"../../../../Unreal Projects/EpitesTutorial/Content/StarterContent/Textures/T_Metal_Rust_D.uasset" 483
"../../../../Unreal Projects/EpitesTutorial/Content/StarterContent/Materials/M_Metal_Rust.uasset" 484
"../../../../Unreal Projects/EpitesTutorial/Content/StarterContent/Textures/T_Rock_Basalt_N.uasset" 485
"../../../../Unreal Projects/EpitesTutorial/Content/StarterContent/Materials/M_Rock_Basalt.uasset" 486
"../../../../Unreal Projects/EpitesTutorial/Content/StarterContent/Materials/M_Rock_Marble_Polished.uasset" 487
"../../../../Unreal Projects/EpitesTutorial/Content/StarterContent/Textures/T_Rock_Sandstone_D.uasset" 488
"../../../../Unreal Projects/EpitesTutorial/Content/StarterContent/Textures/T_Rock_Sandstone_N.uasset" 489
"../../../../Unreal Projects/EpitesTutorial/Content/StarterContent/Materials/M_Rock_Sandstone.uasset" 490
"../../../../Unreal Projects/EpitesTutorial/Content/StarterContent/Textures/T_Rock_Slate_D.uasset" 491
"../../../../Unreal Projects/EpitesTutorial/Content/StarterContent/Textures/T_Rock_Slate_N.uasset" 492
"../../../../Unreal Projects/EpitesTutorial/Content/StarterContent/Materials/M_Rock_Slate.uasset" 493
"../../../../Unreal Projects/EpitesTutorial/Content/StarterContent/Textures/T_Checker_Noise_M.uasset" 494
"../../../../Unreal Projects/EpitesTutorial/Content/StarterContent/Textures/T_Single_Tile_N.uasset" 495
"../../../../Unreal Projects/EpitesTutorial/Content/StarterContent/Textures/T_Tech_Dot_M.uasset" 496
"../../../../Unreal Projects/EpitesTutorial/Content/StarterContent/Textures/T_Tech_Dot_N.uasset" 497
"../../../../Unreal Projects/EpitesTutorial/Content/StarterContent/Materials/M_Tech_Checker_Dot.uasset" 498
"../../../../Unreal Projects/EpitesTutorial/Content/StarterContent/Textures/T_Tech_Hex_Tile_M.uasset" 499
"../../../../Unreal Projects/EpitesTutorial/Content/StarterContent/Textures/T_Tech_Hex_Tile_N.uasset" 500
"../../../../Unreal Projects/EpitesTutorial/Content/StarterContent/Materials/M_Tech_Hex_Tile.uasset" 501
"../../../../Unreal Projects/EpitesTutorial/Content/StarterContent/Materials/M_Tech_Hex_Tile_Pulse.uasset" 502
"../../../../Unreal Projects/EpitesTutorial/Content/StarterContent/Textures/T_Tech_Panel_M.uasset" 503
"../../../../Unreal Projects/EpitesTutorial/Content/StarterContent/Textures/T_Tech_Panel_N.uasset" 504
"../../../../Unreal Projects/EpitesTutorial/Content/StarterContent/Materials/M_Tech_Panel.uasset" 505
"../../../../Unreal Projects/EpitesTutorial/Content/StarterContent/Materials/M_Water_Lake.uasset" 506
"../../../../Unreal Projects/EpitesTutorial/Content/StarterContent/Textures/T_Water_M.uasset" 507
"../../../../Unreal Projects/EpitesTutorial/Content/StarterContent/Materials/M_Water_Ocean.uasset" 508
"../../../../Unreal Projects/EpitesTutorial/Content/StarterContent/Textures/T_Wood_Floor_Walnut_D.uasset" 509
"../../../../Unreal Projects/EpitesTutorial/Content/StarterContent/Textures/T_Wood_Floor_Walnut_M.uasset" 510
"../../../../Unreal Projects/EpitesTutorial/Content/StarterContent/Textures/T_Wood_Floor_Walnut_N.uasset" 511
"../../../../Unreal Projects/EpitesTutorial/Content/StarterContent/Materials/M_Wood_Floor_Walnut_Polished.uasset" 512
"../../../Engine/Content/Functions/Engine_MaterialFunctions01/Opacity/AlphaOffset.uasset" 513
"../../../../Unreal Projects/EpitesTutorial/Content/StarterContent/Materials/M_Wood_Floor_Walnut_Worn.uasset" 514
"../../../../Unreal Projects/EpitesTutorial/Content/StarterContent/Textures/T_Wood_Pine_D.uasset" 515
"../../../../Unreal Projects/EpitesTutorial/Content/StarterContent/Textures/T_Wood_Pine_N.uasset" 516
"../../../../Unreal Projects/EpitesTutorial/Content/StarterContent/Materials/M_Wood_Pine.uasset" 517
"../../../../Unreal Projects/EpitesTutorial/Content/StarterContent/Textures/T_Wood_Walnut_D.uasset" 518
"../../../../Unreal Projects/EpitesTutorial/Content/StarterContent/Textures/T_Wood_Walnut_N.uasset" 519
"../../../../Unreal Projects/EpitesTutorial/Content/StarterContent/Materials/M_Wood_Walnut.uasset" 520
"../../../../Unreal Projects/EpitesTutorial/Content/StarterContent/Architecture/Wall_400x200.uasset" 521
"../../../../Unreal Projects/EpitesTutorial/Content/StarterContent/Architecture/Wall_Door_400x300.uasset" 522
"../../../../Unreal Projects/EpitesTutorial/Content/StarterContent/Architecture/Wall_Window_400x300.uasset" 523
"../../../../Unreal Projects/EpitesTutorial/Content/StarterContent/Audio/Collapse_Cue.uasset" 524
"../../../../Unreal Projects/EpitesTutorial/Content/StarterContent/Audio/Starter_Music_Cue.uasset" 525
"../../../../Unreal Projects/EpitesTutorial/Content/StarterContent/Textures/T_Dust_Particle_D.uasset" 526
"../../../../Unreal Projects/EpitesTutorial/Content/StarterContent/Particles/Materials/M_Dust_Particle.uasset" 527
"../../../../Unreal Projects/EpitesTutorial/Content/StarterContent/Particles/P_Ambient_Dust.uasset" 528
"../../../../Unreal Projects/EpitesTutorial/Content/StarterContent/Props/MaterialSphere.uasset" 529
"../../../../Unreal Projects/EpitesTutorial/Content/StarterContent/Textures/T_Frame_M.uasset" 530
"../../../../Unreal Projects/EpitesTutorial/Content/StarterContent/Textures/T_Frame_N.uasset" 531
"../../../../Unreal Projects/EpitesTutorial/Content/StarterContent/Props/Materials/M_Frame.uasset" 532
"../../../../Unreal Projects/EpitesTutorial/Content/StarterContent/Props/SM_CornerFrame.uasset" 533
"../../../../Unreal Projects/EpitesTutorial/Content/StarterContent/Props/SM_DoorFrame.uasset" 534
"../../../../Unreal Projects/EpitesTutorial/Content/StarterContent/Props/SM_GlassWindow.uasset" 535
"../../../../Unreal Projects/EpitesTutorial/Content/StarterContent/Props/SM_PillarFrame.uasset" 536
"../../../../Unreal Projects/EpitesTutorial/Content/StarterContent/Props/SM_PillarFrame300.uasset" 537
"../../../../Unreal Projects/EpitesTutorial/Content/StarterContent/Props/SM_WindowFrame.uasset" 538
"../../../../Unreal Projects/EpitesTutorial/Content/StarterContent/Shapes/Shape_Cube.uasset" 539
"../../../../Unreal Projects/EpitesTutorial/Content/StarterContent/Shapes/Shape_QuadPyramid.uasset" 540
"../../../../Unreal Projects/EpitesTutorial/Content/StarterContent/Shapes/Shape_Sphere.uasset" 541
"../../../../Unreal Projects/EpitesTutorial/Content/StarterContent/Maps/StarterMap.umap" 542
"../../../Engine/Content/Maps/Entry_BuiltData.uasset" 543
"../../../Engine/Content/Maps/Entry.umap" 544
